# JRE version: OpenJDK Runtime Environment (11.0.11+9) (build 11.0.11+9-b60-7590822)
# Java VM: OpenJDK 64-Bit Server VM (11.0.11+9-b60-7590822, mixed mode, tiered, compressed oops, g1 gc, windows-amd64)
Heap:
 garbage-first heap   total 313344K, used 231024K [0x0000000080000000, 0x0000000100000000)
  region size 1024K, 85 young (87040K), 1 survivors (1024K)
 Metaspace       used 148835K, capacity 154614K, committed 154908K, reserved 1183744K
  class space    used 18141K, capacity 20187K, committed 20352K, reserved 1048576K
GC Heap History (20 events):
Event: 6743.082 GC heap before
{Heap before GC invocations=248 (full 0):
 garbage-first heap   total 261120K, used 210352K [0x0000000080000000, 0x0000000100000000)
  region size 1024K, 68 young (69632K), 4 survivors (4096K)
 Metaspace       used 148729K, capacity 154474K, committed 154652K, reserved 1183744K
  class space    used 18141K, capacity 20187K, committed 20352K, reserved 1048576K
}
Event: 6743.112 GC heap after
{Heap after GC invocations=249 (full 0):
 garbage-first heap   total 261120K, used 149756K [0x0000000080000000, 0x0000000100000000)
  region size 1024K, 9 young (9216K), 9 survivors (9216K)
 Metaspace       used 148729K, capacity 154474K, committed 154652K, reserved 1183744K
  class space    used 18141K, capacity 20187K, committed 20352K, reserved 1048576K
}
Event: 6743.135 GC heap before
{Heap before GC invocations=249 (full 0):
 garbage-first heap   total 261120K, used 152828K [0x0000000080000000, 0x0000000100000000)
  region size 1024K, 12 young (12288K), 9 survivors (9216K)
 Metaspace       used 148729K, capacity 154474K, committed 154652K, reserved 1183744K
  class space    used 18141K, capacity 20187K, committed 20352K, reserved 1048576K
}
Event: 6743.168 GC heap after
{Heap after GC invocations=250 (full 0):
 garbage-first heap   total 261120K, used 150775K [0x0000000080000000, 0x0000000100000000)
  region size 1024K, 2 young (2048K), 2 survivors (2048K)
 Metaspace       used 148729K, capacity 154474K, committed 154652K, reserved 1183744K
  class space    used 18141K, capacity 20187K, committed 20352K, reserved 1048576K
}
Event: 6743.461 GC heap before
{Heap before GC invocations=250 (full 0):
 garbage-first heap   total 261120K, used 208119K [0x0000000080000000, 0x0000000100000000)
  region size 1024K, 59 young (60416K), 2 survivors (2048K)
 Metaspace       used 148739K, capacity 154476K, committed 154652K, reserved 1183744K
  class space    used 18141K, capacity 20187K, committed 20352K, reserved 1048576K
}
Event: 6743.472 GC heap after
{Heap after GC invocations=251 (full 0):
 garbage-first heap   total 261120K, used 151138K [0x0000000080000000, 0x0000000100000000)
  region size 1024K, 2 young (2048K), 2 survivors (2048K)
 Metaspace       used 148739K, capacity 154476K, committed 154652K, reserved 1183744K
  class space    used 18141K, capacity 20187K, committed 20352K, reserved 1048576K
}
Event: 6883.669 GC heap before
{Heap before GC invocations=252 (full 0):
 garbage-first heap   total 261120K, used 229986K [0x0000000080000000, 0x0000000100000000)
  region size 1024K, 62 young (63488K), 2 survivors (2048K)
 Metaspace       used 146751K, capacity 152440K, committed 154652K, reserved 1183744K
  class space    used 18001K, capacity 20019K, committed 20352K, reserved 1048576K
}
Event: 6884.055 GC heap after
{Heap after GC invocations=253 (full 0):
 garbage-first heap   total 313344K, used 151711K [0x0000000080000000, 0x0000000100000000)
  region size 1024K, 4 young (4096K), 4 survivors (4096K)
 Metaspace       used 146751K, capacity 152440K, committed 154652K, reserved 1183744K
  class space    used 18001K, capacity 20019K, committed 20352K, reserved 1048576K
}
Event: 6884.397 GC heap before
{Heap before GC invocations=253 (full 0):
 garbage-first heap   total 313344K, used 162975K [0x0000000080000000, 0x0000000100000000)
  region size 1024K, 15 young (15360K), 4 survivors (4096K)
 Metaspace       used 146752K, capacity 152440K, committed 154652K, reserved 1183744K
  class space    used 18001K, capacity 20019K, committed 20352K, reserved 1048576K
}
Event: 6884.510 GC heap after
{Heap after GC invocations=254 (full 0):
 garbage-first heap   total 313344K, used 146598K [0x0000000080000000, 0x0000000100000000)
  region size 1024K, 2 young (2048K), 2 survivors (2048K)
 Metaspace       used 146752K, capacity 152440K, committed 154652K, reserved 1183744K
  class space    used 18001K, capacity 20019K, committed 20352K, reserved 1048576K
}
Event: 6895.744 GC heap before
{Heap before GC invocations=254 (full 0):
 garbage-first heap   total 313344K, used 204966K [0x0000000080000000, 0x0000000100000000)
  region size 1024K, 61 young (62464K), 2 survivors (2048K)
 Metaspace       used 146761K, capacity 152442K, committed 154652K, reserved 1183744K
  class space    used 18001K, capacity 20019K, committed 20352K, reserved 1048576K
}
Event: 6895.829 GC heap after
{Heap after GC invocations=255 (full 0):
 garbage-first heap   total 313344K, used 150694K [0x0000000080000000, 0x0000000100000000)
  region size 1024K, 6 young (6144K), 6 survivors (6144K)
 Metaspace       used 146761K, capacity 152442K, committed 154652K, reserved 1183744K
  class space    used 18001K, capacity 20019K, committed 20352K, reserved 1048576K
}
Event: 6902.954 GC heap before
{Heap before GC invocations=256 (full 0):
 garbage-first heap   total 313344K, used 238758K [0x0000000080000000, 0x0000000100000000)
  region size 1024K, 88 young (90112K), 6 survivors (6144K)
 Metaspace       used 147234K, capacity 153012K, committed 154652K, reserved 1183744K
  class space    used 18036K, capacity 20059K, committed 20352K, reserved 1048576K
}
Event: 6903.092 GC heap after
{Heap after GC invocations=257 (full 0):
 garbage-first heap   total 313344K, used 160426K [0x0000000080000000, 0x0000000100000000)
  region size 1024K, 11 young (11264K), 11 survivors (11264K)
 Metaspace       used 147234K, capacity 153012K, committed 154652K, reserved 1183744K
  class space    used 18036K, capacity 20059K, committed 20352K, reserved 1048576K
}
Event: 6903.266 GC heap before
{Heap before GC invocations=257 (full 0):
 garbage-first heap   total 313344K, used 163498K [0x0000000080000000, 0x0000000100000000)
  region size 1024K, 15 young (15360K), 11 survivors (11264K)
 Metaspace       used 147955K, capacity 153748K, committed 154652K, reserved 1183744K
  class space    used 18113K, capacity 20155K, committed 20352K, reserved 1048576K
}
Event: 6903.426 GC heap after
{Heap after GC invocations=258 (full 0):
 garbage-first heap   total 313344K, used 143545K [0x0000000080000000, 0x0000000100000000)
  region size 1024K, 2 young (2048K), 2 survivors (2048K)
 Metaspace       used 147955K, capacity 153748K, committed 154652K, reserved 1183744K
  class space    used 18113K, capacity 20155K, committed 20352K, reserved 1048576K
}
Event: 6903.429 GC heap before
{Heap before GC invocations=258 (full 0):
 garbage-first heap   total 313344K, used 143545K [0x0000000080000000, 0x0000000100000000)
  region size 1024K, 3 young (3072K), 2 survivors (2048K)
 Metaspace       used 147955K, capacity 153748K, committed 154652K, reserved 1183744K
  class space    used 18113K, capacity 20155K, committed 20352K, reserved 1048576K
}
Event: 6903.446 GC heap after
{Heap after GC invocations=259 (full 0):
 garbage-first heap   total 313344K, used 143081K [0x0000000080000000, 0x0000000100000000)
  region size 1024K, 1 young (1024K), 1 survivors (1024K)
 Metaspace       used 147955K, capacity 153748K, committed 154652K, reserved 1183744K
  class space    used 18113K, capacity 20155K, committed 20352K, reserved 1048576K
}
Event: 6912.090 GC heap before
{Heap before GC invocations=260 (full 0):
 garbage-first heap   total 313344K, used 167657K [0x0000000080000000, 0x0000000100000000)
  region size 1024K, 26 young (26624K), 1 survivors (1024K)
 Metaspace       used 148818K, capacity 154612K, committed 154908K, reserved 1183744K
  class space    used 18141K, capacity 20187K, committed 20352K, reserved 1048576K
}
Event: 6912.107 GC heap after
{Heap after GC invocations=261 (full 0):
 garbage-first heap   total 313344K, used 142960K [0x0000000080000000, 0x0000000100000000)
  region size 1024K, 1 young (1024K), 1 survivors (1024K)
 Metaspace       used 148818K, capacity 154612K, committed 154908K, reserved 1183744K
  class space    used 18141K, capacity 20187K, committed 20352K, reserved 1048576K
}

