# JRE version: OpenJDK Runtime Environment (11.0.11+9) (build 11.0.11+9-b60-7590822)
# Java VM: OpenJDK 64-Bit Server VM (11.0.11+9-b60-7590822, mixed mode, tiered, compressed oops, g1 gc, windows-amd64)
Heap:
 garbage-first heap   total 248832K, used 159482K [0x0000000080000000, 0x0000000100000000)
  region size 1024K, 25 young (25600K), 9 survivors (9216K)
 Metaspace       used 135437K, capacity 140793K, committed 142760K, reserved 1173504K
  class space    used 16578K, capacity 18482K, committed 18764K, reserved 1048576K
GC Heap History (20 events):
Event: 9291.839 GC heap before
{Heap before GC invocations=296 (full 0):
 garbage-first heap   total 248832K, used 143516K [0x0000000080000000, 0x0000000100000000)
  region size 1024K, 12 young (12288K), 8 survivors (8192K)
 Metaspace       used 135303K, capacity 140711K, committed 142760K, reserved 1173504K
  class space    used 16577K, capacity 18482K, committed 18764K, reserved 1048576K
}
Event: 9291.954 GC heap after
{Heap after GC invocations=297 (full 0):
 garbage-first heap   total 248832K, used 138717K [0x0000000080000000, 0x0000000100000000)
  region size 1024K, 2 young (2048K), 2 survivors (2048K)
 Metaspace       used 135303K, capacity 140711K, committed 142760K, reserved 1173504K
  class space    used 16577K, capacity 18482K, committed 18764K, reserved 1048576K
}
Event: 9305.975 GC heap before
{Heap before GC invocations=297 (full 0):
 garbage-first heap   total 248832K, used 199133K [0x0000000080000000, 0x0000000100000000)
  region size 1024K, 62 young (63488K), 2 survivors (2048K)
 Metaspace       used 135310K, capacity 140713K, committed 142760K, reserved 1173504K
  class space    used 16577K, capacity 18482K, committed 18764K, reserved 1048576K
}
Event: 9306.088 GC heap after
{Heap after GC invocations=298 (full 0):
 garbage-first heap   total 248832K, used 141220K [0x0000000080000000, 0x0000000100000000)
  region size 1024K, 4 young (4096K), 4 survivors (4096K)
 Metaspace       used 135310K, capacity 140713K, committed 142760K, reserved 1173504K
  class space    used 16577K, capacity 18482K, committed 18764K, reserved 1048576K
}
Event: 9471.102 GC heap before
{Heap before GC invocations=299 (full 0):
 garbage-first heap   total 248832K, used 221092K [0x0000000080000000, 0x0000000100000000)
  region size 1024K, 65 young (66560K), 4 survivors (4096K)
 Metaspace       used 135328K, capacity 140778K, committed 142760K, reserved 1173504K
  class space    used 16578K, capacity 18482K, committed 18764K, reserved 1048576K
}
Event: 9471.160 GC heap after
{Heap after GC invocations=300 (full 0):
 garbage-first heap   total 248832K, used 146263K [0x0000000080000000, 0x0000000100000000)
  region size 1024K, 9 young (9216K), 9 survivors (9216K)
 Metaspace       used 135328K, capacity 140778K, committed 142760K, reserved 1173504K
  class space    used 16578K, capacity 18482K, committed 18764K, reserved 1048576K
}
Event: 9471.257 GC heap before
{Heap before GC invocations=300 (full 0):
 garbage-first heap   total 248832K, used 148311K [0x0000000080000000, 0x0000000100000000)
  region size 1024K, 12 young (12288K), 9 survivors (9216K)
 Metaspace       used 135329K, capacity 140778K, committed 142760K, reserved 1173504K
  class space    used 16578K, capacity 18482K, committed 18764K, reserved 1048576K
}
Event: 9471.474 GC heap after
{Heap after GC invocations=301 (full 0):
 garbage-first heap   total 248832K, used 131968K [0x0000000080000000, 0x0000000100000000)
  region size 1024K, 2 young (2048K), 2 survivors (2048K)
 Metaspace       used 135329K, capacity 140778K, committed 142760K, reserved 1173504K
  class space    used 16578K, capacity 18482K, committed 18764K, reserved 1048576K
}
Event: 9471.723 GC heap before
{Heap before GC invocations=301 (full 0):
 garbage-first heap   total 248832K, used 141184K [0x0000000080000000, 0x0000000100000000)
  region size 1024K, 12 young (12288K), 2 survivors (2048K)
 Metaspace       used 135329K, capacity 140778K, committed 142760K, reserved 1173504K
  class space    used 16578K, capacity 18482K, committed 18764K, reserved 1048576K
}
Event: 9471.771 GC heap after
{Heap after GC invocations=302 (full 0):
 garbage-first heap   total 248832K, used 132339K [0x0000000080000000, 0x0000000100000000)
  region size 1024K, 2 young (2048K), 2 survivors (2048K)
 Metaspace       used 135329K, capacity 140778K, committed 142760K, reserved 1173504K
  class space    used 16578K, capacity 18482K, committed 18764K, reserved 1048576K
}
Event: 9481.331 GC heap before
{Heap before GC invocations=302 (full 0):
 garbage-first heap   total 248832K, used 198899K [0x0000000080000000, 0x0000000100000000)
  region size 1024K, 68 young (69632K), 2 survivors (2048K)
 Metaspace       used 135341K, capacity 140778K, committed 142760K, reserved 1173504K
  class space    used 16578K, capacity 18482K, committed 18764K, reserved 1048576K
}
Event: 9481.386 GC heap after
{Heap after GC invocations=303 (full 0):
 garbage-first heap   total 248832K, used 136376K [0x0000000080000000, 0x0000000100000000)
  region size 1024K, 6 young (6144K), 6 survivors (6144K)
 Metaspace       used 135341K, capacity 140778K, committed 142760K, reserved 1173504K
  class space    used 16578K, capacity 18482K, committed 18764K, reserved 1048576K
}
Event: 9553.447 GC heap before
{Heap before GC invocations=304 (full 0):
 garbage-first heap   total 248832K, used 220344K [0x0000000080000000, 0x0000000100000000)
  region size 1024K, 71 young (72704K), 6 survivors (6144K)
 Metaspace       used 135411K, capacity 140789K, committed 142760K, reserved 1173504K
  class space    used 16578K, capacity 18482K, committed 18764K, reserved 1048576K
}
Event: 9553.540 GC heap after
{Heap after GC invocations=305 (full 0):
 garbage-first heap   total 248832K, used 143002K [0x0000000080000000, 0x0000000100000000)
  region size 1024K, 9 young (9216K), 9 survivors (9216K)
 Metaspace       used 135411K, capacity 140789K, committed 142760K, reserved 1173504K
  class space    used 16578K, capacity 18482K, committed 18764K, reserved 1048576K
}
Event: 9553.565 GC heap before
{Heap before GC invocations=305 (full 0):
 garbage-first heap   total 248832K, used 146074K [0x0000000080000000, 0x0000000100000000)
  region size 1024K, 12 young (12288K), 9 survivors (9216K)
 Metaspace       used 135411K, capacity 140789K, committed 142760K, reserved 1173504K
  class space    used 16578K, capacity 18482K, committed 18764K, reserved 1048576K
}
Event: 9553.682 GC heap after
{Heap after GC invocations=306 (full 0):
 garbage-first heap   total 248832K, used 134177K [0x0000000080000000, 0x0000000100000000)
  region size 1024K, 2 young (2048K), 2 survivors (2048K)
 Metaspace       used 135411K, capacity 140789K, committed 142760K, reserved 1173504K
  class space    used 16578K, capacity 18482K, committed 18764K, reserved 1048576K
}
Event: 9561.989 GC heap before
{Heap before GC invocations=306 (full 0):
 garbage-first heap   total 248832K, used 198689K [0x0000000080000000, 0x0000000100000000)
  region size 1024K, 67 young (68608K), 2 survivors (2048K)
 Metaspace       used 135423K, capacity 140790K, committed 142760K, reserved 1173504K
  class space    used 16578K, capacity 18482K, committed 18764K, reserved 1048576K
}
Event: 9562.040 GC heap after
{Heap after GC invocations=307 (full 0):
 garbage-first heap   total 248832K, used 136845K [0x0000000080000000, 0x0000000100000000)
  region size 1024K, 4 young (4096K), 4 survivors (4096K)
 Metaspace       used 135423K, capacity 140790K, committed 142760K, reserved 1173504K
  class space    used 16578K, capacity 18482K, committed 18764K, reserved 1048576K
}
Event: 9562.577 GC heap before
{Heap before GC invocations=307 (full 0):
 garbage-first heap   total 248832K, used 206477K [0x0000000080000000, 0x0000000100000000)
  region size 1024K, 69 young (70656K), 4 survivors (4096K)
 Metaspace       used 135436K, capacity 140793K, committed 142760K, reserved 1173504K
  class space    used 16578K, capacity 18482K, committed 18764K, reserved 1048576K
}
Event: 9562.625 GC heap after
{Heap after GC invocations=308 (full 0):
 garbage-first heap   total 248832K, used 145146K [0x0000000080000000, 0x0000000100000000)
  region size 1024K, 9 young (9216K), 9 survivors (9216K)
 Metaspace       used 135436K, capacity 140793K, committed 142760K, reserved 1173504K
  class space    used 16578K, capacity 18482K, committed 18764K, reserved 1048576K
}

